<?xml version="1.0" encoding="UTF-8"?>
<!-- Generated by org.testng.reporters.JUnitXMLReporter -->
<testsuite hostname="PMUFTWIN101" ignored="0" name="Default test" tests="3" failures="0" timestamp="31 Oct 2018 09:35:01 GMT" time="0.094" errors="0">
  <testcase name="method1_in_Class3" time="0.013" classname="org.rupesh.demo.testngWithExtentReports.Class3"/>
  <testcase name="method2_in_Class3" time="0.003" classname="org.rupesh.demo.testngWithExtentReports.Class3"/>
  <testcase name="method3_in_Class3" time="0.004" classname="org.rupesh.demo.testngWithExtentReports.Class3"/>
</testsuite> <!-- Default test -->
