<?xml version="1.0" encoding="UTF-8"?>
<!-- Generated by org.testng.reporters.JUnitXMLReporter -->
<testsuite hostname="PMUFTWIN101" ignored="8" name="TestNG Suite Tests" tests="9" failures="1" timestamp="20 Nov 2018 07:06:37 GMT" time="1.896" errors="0">
  <testcase name="method1_in_Class1_in_package2" time="0.612" classname="package2.Class1">
    <failure type="java.lang.ArithmeticException">
      <![CDATA[java.lang.ArithmeticException
at package2.Class1.method1_in_Class1_in_package2(Class1.java:31)
at java.util.concurrent.FutureTask.run(FutureTask.java:266)
at java.util.concurrent.ThreadPoolExecutor.runWorker(ThreadPoolExecutor.java:1142)
at java.util.concurrent.ThreadPoolExecutor$Worker.run(ThreadPoolExecutor.java:617)
at java.lang.Thread.run(Thread.java:745)
... Removed 16 stack frames]]>
    </failure>
  </testcase> <!-- method1_in_Class1_in_package2 -->
  <testcase name="method2_in_Class2_in_package2" time="0.143" classname="package2.Class2"/>
  <testcase name="method3_in_Class3_in_package2" time="0.131" classname="package2.Class3"/>
  <testcase name="method2_in_Class1_in_package2" time="0.115" classname="package2.Class1"/>
  <testcase name="method1_in_Class2_in_package2" time="0.145" classname="package2.Class2"/>
  <testcase name="method2_in_Class3_in_package2" time="0.129" classname="package2.Class3"/>
  <testcase name="method3_in_Class1_in_package2" time="0.146" classname="package2.Class1"/>
  <testcase name="method3_in_Class2_in_package2" time="0.12" classname="package2.Class2"/>
  <testcase name="method1_in_Class3_in_package2" time="0.114" classname="package2.Class3"/>
  <testcase name="@BeforeSuite beforeSuite_in_CommonClass_in_package2" time="0.0" classname="package2.CommonClass">
    <ignored/>
  </testcase> <!-- @BeforeSuite beforeSuite_in_CommonClass_in_package2 -->
  <testcase name="@BeforeSuite beforeSuite_in_CommonClass_in_package2" time="0.0" classname="package2.CommonClass">
    <ignored/>
  </testcase> <!-- @BeforeSuite beforeSuite_in_CommonClass_in_package2 -->
  <testcase name="@AfterTest aftertest_in_CommonClass_in_package2" time="0.0" classname="package2.CommonClass">
    <ignored/>
  </testcase> <!-- @AfterTest aftertest_in_CommonClass_in_package2 -->
  <testcase name="@AfterTest aftertest_in_CommonClass_in_package2" time="0.0" classname="package2.CommonClass">
    <ignored/>
  </testcase> <!-- @AfterTest aftertest_in_CommonClass_in_package2 -->
  <testcase name="@AfterSuite afterSuite_in_CommonClass_in_package2" time="0.0" classname="package2.CommonClass">
    <ignored/>
  </testcase> <!-- @AfterSuite afterSuite_in_CommonClass_in_package2 -->
  <testcase name="@AfterSuite afterSuite_in_CommonClass_in_package2" time="0.0" classname="package2.CommonClass">
    <ignored/>
  </testcase> <!-- @AfterSuite afterSuite_in_CommonClass_in_package2 -->
  <testcase name="@BeforeTest beforeTest_in_CommonClass_in_package2" time="0.0" classname="package2.CommonClass">
    <ignored/>
  </testcase> <!-- @BeforeTest beforeTest_in_CommonClass_in_package2 -->
  <testcase name="@BeforeTest beforeTest_in_CommonClass_in_package2" time="0.0" classname="package2.CommonClass">
    <ignored/>
  </testcase> <!-- @BeforeTest beforeTest_in_CommonClass_in_package2 -->
</testsuite> <!-- TestNG Suite Tests -->
